<?xml version="1.0" encoding="UTF-8"?>
<!-- Generated by org.testng.reporters.JUnitReportReporter -->
<testsuite hostname="DW5XBAD003" name="selenium_project.NewTest" tests="1" failures="0" timestamp="21 May 2019 10:41:00 GMT" time="28.686" errors="0">
  <testcase name="testEasy" time="28.686" classname="selenium_project.NewTest"/>
</testsuite> <!-- selenium_project.NewTest -->
