<?xml version="1.0" encoding="UTF-8"?>
<!-- Generated by org.testng.reporters.JUnitReportReporter -->
<testsuite hostname="DW5XBAD003" name="selenium_project.NewTest" tests="1" failures="0" timestamp="24 May 2019 11:55:04 GMT" time="31.622" errors="0">
  <testcase name="testEasy" time="31.622" classname="selenium_project.NewTest"/>
</testsuite> <!-- selenium_project.NewTest -->
