<?xml version="1.0" encoding="UTF-8"?>
<!-- Generated by org.testng.reporters.JUnitReportReporter -->
<testsuite hostname="DW5XBAD003" name="selenium_project.NewTest" tests="1" failures="0" timestamp="22 May 2019 06:54:55 GMT" time="23.480" errors="0">
  <testcase name="testEasy" time="23.480" classname="selenium_project.NewTest"/>
</testsuite> <!-- selenium_project.NewTest -->
